<?xml version="1.0" encoding="UTF-8"?>
<robot generator="Robot 7.0 (Python 3.11.7 on win32)" generated="2025-08-18T06:53:09.408544" rpa="false" schemaversion="5">
<suite id="s1" name="Avançado" source="C:\Users\s2mcu\OneDrive\Ambiente de Trabalho\Portfólio AUT\robot-framework-demo\Tests\Avançado.robot">
<test id="s1-t1" name="Open Browser And Navigate To E-Books Page" line="15">
<kw name="Open Browser" owner="SeleniumLibrary">
<msg time="2025-08-18T06:53:09.648193" level="INFO">Opening browser 'chrome' to base url 'https://www.qatesthub.info/'.</msg>
<arg>${URL}</arg>
<arg>chrome</arg>
<doc>Opens a new browser instance to the optional ``url``.</doc>
<status status="PASS" start="2025-08-18T06:53:09.648193" elapsed="2.920369"/>
</kw>
<kw name="Maximize Browser Window" owner="SeleniumLibrary">
<doc>Maximizes current browser window.</doc>
<status status="PASS" start="2025-08-18T06:53:12.570319" elapsed="0.067901"/>
</kw>
<kw name="Click Link" owner="SeleniumLibrary">
<msg time="2025-08-18T06:53:12.638220" level="INFO">Clicking link 'xpath=//a[text()='E-books']'.</msg>
<arg>xpath=//a[text()='E-books']</arg>
<doc>Clicks a link identified by ``locator``.</doc>
<status status="PASS" start="2025-08-18T06:53:12.638220" elapsed="0.501741"/>
</kw>
<kw name="Wait Until Page Contains Element" owner="SeleniumLibrary">
<arg>xpath=//h1[text()='E-books']</arg>
<doc>Waits until the element ``locator`` appears on the current page.</doc>
<status status="PASS" start="2025-08-18T06:53:13.144069" elapsed="0.017805"/>
</kw>
<status status="PASS" start="2025-08-18T06:53:09.637680" elapsed="3.524194"/>
</test>
<test id="s1-t2" name="Add First E-Book To Cart" line="21">
<kw name="Input Text" owner="SeleniumLibrary">
<msg time="2025-08-18T06:53:13.165772" level="INFO">Typing text '1' into text field '//input[@id='quantity-ebook-1']'.</msg>
<arg>${QUANTITY_EBOOK_1}</arg>
<arg>1</arg>
<doc>Types the given ``text`` into the text field identified by ``locator``.</doc>
<status status="PASS" start="2025-08-18T06:53:13.165772" elapsed="0.163251"/>
</kw>
<kw name="Click Button" owner="SeleniumLibrary">
<msg time="2025-08-18T06:53:13.331194" level="INFO">Clicking button '//button[@onclick='addToCart(1)']'.</msg>
<arg>${ADD_EBOOK_1}</arg>
<doc>Clicks the button identified by ``locator``.</doc>
<status status="PASS" start="2025-08-18T06:53:13.329354" elapsed="0.186507"/>
</kw>
<kw name="Handle Alert" owner="SeleniumLibrary">
<msg time="2025-08-18T06:53:13.518073" level="INFO">HANDLE::&lt;class 'NoneType'&gt;::None</msg>
<arg>ACCEPT</arg>
<doc>Handles the current alert and returns its message.</doc>
<status status="PASS" start="2025-08-18T06:53:13.518073" elapsed="0.017522"/>
</kw>
<status status="PASS" start="2025-08-18T06:53:13.164012" elapsed="0.375862"/>
</test>
<test id="s1-t3" name="Add Second E-Book To Cart" line="26">
<kw name="Input Text" owner="SeleniumLibrary">
<msg time="2025-08-18T06:53:13.541687" level="INFO">Typing text '2' into text field '//input[@id='quantity-ebook-2']'.</msg>
<arg>${QUANTITY_EBOOK_2}</arg>
<arg>2</arg>
<doc>Types the given ``text`` into the text field identified by ``locator``.</doc>
<status status="PASS" start="2025-08-18T06:53:13.541687" elapsed="0.190690"/>
</kw>
<kw name="Click Button" owner="SeleniumLibrary">
<msg time="2025-08-18T06:53:13.734519" level="INFO">Clicking button '//button[@onclick='addToCart(2)']'.</msg>
<arg>${ADD_EBOOK_2}</arg>
<doc>Clicks the button identified by ``locator``.</doc>
<status status="PASS" start="2025-08-18T06:53:13.732377" elapsed="0.168811"/>
</kw>
<kw name="Handle Alert" owner="SeleniumLibrary">
<msg time="2025-08-18T06:53:13.903398" level="INFO">HANDLE::&lt;class 'NoneType'&gt;::None</msg>
<doc>Handles the current alert and returns its message.</doc>
<status status="PASS" start="2025-08-18T06:53:13.903398" elapsed="0.023821"/>
</kw>
<status status="PASS" start="2025-08-18T06:53:13.541240" elapsed="0.387262"/>
</test>
<test id="s1-t4" name="Verify Final Price" line="31">
<kw name="Get Text" owner="SeleniumLibrary">
<msg time="2025-08-18T06:53:13.990342" level="INFO">${ebook_1_price} = 10.00</msg>
<var>${ebook_1_price}</var>
<arg>${EBOOK_1_PRICE}</arg>
<doc>Returns the text value of the element identified by ``locator``.</doc>
<status status="PASS" start="2025-08-18T06:53:13.934192" elapsed="0.056150"/>
</kw>
<kw name="Get Text" owner="SeleniumLibrary">
<msg time="2025-08-18T06:53:14.031664" level="INFO">${ebook_2_price} = 30.00</msg>
<var>${ebook_2_price}</var>
<arg>${EBOOK_2_PRICE}</arg>
<doc>Returns the text value of the element identified by ``locator``.</doc>
<status status="PASS" start="2025-08-18T06:53:13.990342" elapsed="0.041322"/>
</kw>
<kw name="Get Text" owner="SeleniumLibrary">
<msg time="2025-08-18T06:53:14.082973" level="INFO">${final_price} = 40.00</msg>
<var>${final_price}</var>
<arg>${FINAL_PRICE}</arg>
<doc>Returns the text value of the element identified by ``locator``.</doc>
<status status="PASS" start="2025-08-18T06:53:14.031664" elapsed="0.051309"/>
</kw>
<kw name="Evaluate" owner="BuiltIn">
<msg time="2025-08-18T06:53:14.089129" level="INFO">${ebook_1_price_num} = 10.0</msg>
<var>${ebook_1_price_num}</var>
<arg>float('${ebook_1_price}'.replace('$', '').strip())</arg>
<doc>Evaluates the given expression in Python and returns the result.</doc>
<status status="PASS" start="2025-08-18T06:53:14.082973" elapsed="0.006156"/>
</kw>
<kw name="Evaluate" owner="BuiltIn">
<msg time="2025-08-18T06:53:14.090285" level="INFO">${ebook_2_price_num} = 30.0</msg>
<var>${ebook_2_price_num}</var>
<arg>float('${ebook_2_price}'.replace('$', '').strip())</arg>
<doc>Evaluates the given expression in Python and returns the result.</doc>
<status status="PASS" start="2025-08-18T06:53:14.090285" elapsed="0.000000"/>
</kw>
<kw name="Evaluate" owner="BuiltIn">
<msg time="2025-08-18T06:53:14.092404" level="INFO">${final_price_num} = 40.0</msg>
<var>${final_price_num}</var>
<arg>float('${final_price}'.replace('$', '').strip())</arg>
<doc>Evaluates the given expression in Python and returns the result.</doc>
<status status="PASS" start="2025-08-18T06:53:14.090285" elapsed="0.002119"/>
</kw>
<kw name="Evaluate" owner="BuiltIn">
<msg time="2025-08-18T06:53:14.093806" level="INFO">${expected_total} = 40.0</msg>
<var>${expected_total}</var>
<arg>${ebook_1_price_num} + ${ebook_2_price_num}</arg>
<doc>Evaluates the given expression in Python and returns the result.</doc>
<status status="PASS" start="2025-08-18T06:53:14.092404" elapsed="0.001402"/>
</kw>
<kw name="Should Be Equal As Numbers" owner="BuiltIn">
<arg>${final_price_num}</arg>
<arg>${expected_total}</arg>
<doc>Fails if objects are unequal after converting them to real numbers.</doc>
<status status="PASS" start="2025-08-18T06:53:14.093806" elapsed="0.001274"/>
</kw>
<status status="PASS" start="2025-08-18T06:53:13.932177" elapsed="0.162903"/>
</test>
<test id="s1-t5" name="Open Browser And Navigate To E-Books Page" line="61">
<kw name="Open Browser" owner="SeleniumLibrary">
<msg time="2025-08-18T06:53:14.099047" level="INFO">Opening browser 'chrome' to base url 'https://www.qatesthub.info/'.</msg>
<arg>${URL}</arg>
<arg>chrome</arg>
<doc>Opens a new browser instance to the optional ``url``.</doc>
<status status="PASS" start="2025-08-18T06:53:14.099047" elapsed="2.874974"/>
</kw>
<kw name="Maximize Browser Window" owner="SeleniumLibrary">
<doc>Maximizes current browser window.</doc>
<status status="PASS" start="2025-08-18T06:53:16.976536" elapsed="0.072603"/>
</kw>
<kw name="Click Link" owner="SeleniumLibrary">
<msg time="2025-08-18T06:53:17.049139" level="INFO">Clicking link 'xpath=//a[text()='E-books']'.</msg>
<arg>xpath=//a[text()='E-books']</arg>
<doc>Clicks a link identified by ``locator``.</doc>
<status status="PASS" start="2025-08-18T06:53:17.049139" elapsed="0.481084"/>
</kw>
<kw name="Wait Until Page Contains Element" owner="SeleniumLibrary">
<arg>xpath=//h1[text()='E-books']</arg>
<doc>Waits until the element ``locator`` appears on the current page.</doc>
<status status="PASS" start="2025-08-18T06:53:17.530223" elapsed="0.024006"/>
</kw>
<status status="PASS" start="2025-08-18T06:53:14.096600" elapsed="3.459298"/>
</test>
<test id="s1-t6" name="Add First E-Book To Cart" line="67">
<kw name="Input Text" owner="SeleniumLibrary">
<msg time="2025-08-18T06:53:17.560280" level="INFO">Typing text '1' into text field '//input[@id='quantity-ebook-1']'.</msg>
<arg>${QUANTITY_EBOOK_1}</arg>
<arg>1</arg>
<doc>Types the given ``text`` into the text field identified by ``locator``.</doc>
<status status="PASS" start="2025-08-18T06:53:17.560280" elapsed="0.172183"/>
</kw>
<kw name="Click Button" owner="SeleniumLibrary">
<msg time="2025-08-18T06:53:17.737353" level="INFO">Clicking button '//button[@onclick='addToCart(1)']'.</msg>
<arg>${ADD_EBOOK_1}</arg>
<doc>Clicks the button identified by ``locator``.</doc>
<status status="PASS" start="2025-08-18T06:53:17.735746" elapsed="0.231042"/>
</kw>
<kw name="Handle Alert" owner="SeleniumLibrary">
<msg time="2025-08-18T06:53:17.969522" level="INFO">HANDLE::&lt;class 'NoneType'&gt;::None</msg>
<arg>ACCEPT</arg>
<doc>Handles the current alert and returns its message.</doc>
<status status="PASS" start="2025-08-18T06:53:17.969522" elapsed="0.026361"/>
</kw>
<status status="PASS" start="2025-08-18T06:53:17.558630" elapsed="0.439269"/>
</test>
<test id="s1-t7" name="Add Second E-Book To Cart" line="72">
<kw name="Input Text" owner="SeleniumLibrary">
<msg time="2025-08-18T06:53:18.002154" level="INFO">Typing text '2' into text field '//input[@id='quantity-ebook-2']'.</msg>
<arg>${QUANTITY_EBOOK_2}</arg>
<arg>2</arg>
<doc>Types the given ``text`` into the text field identified by ``locator``.</doc>
<status status="PASS" start="2025-08-18T06:53:18.002154" elapsed="0.244818"/>
</kw>
<kw name="Click Button" owner="SeleniumLibrary">
<msg time="2025-08-18T06:53:18.249708" level="INFO">Clicking button '//button[@onclick='addToCart(2)']'.</msg>
<arg>${ADD_EBOOK_2}</arg>
<doc>Clicks the button identified by ``locator``.</doc>
<status status="PASS" start="2025-08-18T06:53:18.249708" elapsed="0.130878"/>
</kw>
<kw name="Handle Alert" owner="SeleniumLibrary">
<msg time="2025-08-18T06:53:18.380586" level="INFO">HANDLE::&lt;class 'NoneType'&gt;::None</msg>
<doc>Handles the current alert and returns its message.</doc>
<status status="PASS" start="2025-08-18T06:53:18.380586" elapsed="0.019460"/>
</kw>
<status status="PASS" start="2025-08-18T06:53:18.001002" elapsed="0.400175"/>
</test>
<test id="s1-t8" name="Verify Final Price" line="77">
<kw name="Get Text" owner="SeleniumLibrary">
<msg time="2025-08-18T06:53:18.489139" level="INFO">${ebook_1_price} = 10.00</msg>
<var>${ebook_1_price}</var>
<arg>${EBOOK_1_PRICE}</arg>
<doc>Returns the text value of the element identified by ``locator``.</doc>
<status status="PASS" start="2025-08-18T06:53:18.413401" elapsed="0.075738"/>
</kw>
<kw name="Get Text" owner="SeleniumLibrary">
<msg time="2025-08-18T06:53:18.517169" level="INFO">${ebook_2_price} = 30.00</msg>
<var>${ebook_2_price}</var>
<arg>${EBOOK_2_PRICE}</arg>
<doc>Returns the text value of the element identified by ``locator``.</doc>
<status status="PASS" start="2025-08-18T06:53:18.489139" elapsed="0.028030"/>
</kw>
<kw name="Get Text" owner="SeleniumLibrary">
<msg time="2025-08-18T06:53:18.546254" level="INFO">${final_price} = 40.00</msg>
<var>${final_price}</var>
<arg>${FINAL_PRICE}</arg>
<doc>Returns the text value of the element identified by ``locator``.</doc>
<status status="PASS" start="2025-08-18T06:53:18.517169" elapsed="0.029085"/>
</kw>
<kw name="Evaluate" owner="BuiltIn">
<msg time="2025-08-18T06:53:18.549095" level="INFO">${ebook_1_price_num} = 10.0</msg>
<var>${ebook_1_price_num}</var>
<arg>float('${ebook_1_price}'.replace('$', '').strip())</arg>
<doc>Evaluates the given expression in Python and returns the result.</doc>
<status status="PASS" start="2025-08-18T06:53:18.549095" elapsed="0.000000"/>
</kw>
<kw name="Evaluate" owner="BuiltIn">
<msg time="2025-08-18T06:53:18.549095" level="INFO">${ebook_2_price_num} = 30.0</msg>
<var>${ebook_2_price_num}</var>
<arg>float('${ebook_2_price}'.replace('$', '').strip())</arg>
<doc>Evaluates the given expression in Python and returns the result.</doc>
<status status="PASS" start="2025-08-18T06:53:18.549095" elapsed="0.000000"/>
</kw>
<kw name="Evaluate" owner="BuiltIn">
<msg time="2025-08-18T06:53:18.552544" level="INFO">${final_price_num} = 40.0</msg>
<var>${final_price_num}</var>
<arg>float('${final_price}'.replace('$', '').strip())</arg>
<doc>Evaluates the given expression in Python and returns the result.</doc>
<status status="PASS" start="2025-08-18T06:53:18.552544" elapsed="0.000000"/>
</kw>
<kw name="Evaluate" owner="BuiltIn">
<msg time="2025-08-18T06:53:18.552544" level="INFO">${expected_total} = 40.0</msg>
<var>${expected_total}</var>
<arg>${ebook_1_price_num} + ${ebook_2_price_num}</arg>
<doc>Evaluates the given expression in Python and returns the result.</doc>
<status status="PASS" start="2025-08-18T06:53:18.552544" elapsed="0.000000"/>
</kw>
<kw name="Should Be Equal As Numbers" owner="BuiltIn">
<arg>${final_price_num}</arg>
<arg>${expected_total}</arg>
<doc>Fails if objects are unequal after converting them to real numbers.</doc>
<status status="PASS" start="2025-08-18T06:53:18.552544" elapsed="0.000000"/>
</kw>
<status status="PASS" start="2025-08-18T06:53:18.413401" elapsed="0.139143"/>
</test>
<status status="PASS" start="2025-08-18T06:53:09.410560" elapsed="9.148343"/>
</suite>
<statistics>
<total>
<stat pass="8" fail="0" skip="0">All Tests</stat>
</total>
<tag>
</tag>
<suite>
<stat pass="8" fail="0" skip="0" id="s1" name="Avançado">Avançado</stat>
</suite>
</statistics>
<errors>
<msg time="2025-08-18T06:53:14.096600" level="WARN">Multiple tests with name 'Open Browser And Navigate To E-Books Page' executed in suite 'Avançado'.</msg>
<msg time="2025-08-18T06:53:17.557516" level="WARN">Multiple tests with name 'Add First E-Book To Cart' executed in suite 'Avançado'.</msg>
<msg time="2025-08-18T06:53:17.997899" level="WARN">Multiple tests with name 'Add Second E-Book To Cart' executed in suite 'Avançado'.</msg>
<msg time="2025-08-18T06:53:18.405476" level="WARN">Multiple tests with name 'Verify Final Price' executed in suite 'Avançado'.</msg>
</errors>
</robot>
